<?xml version="1.0" encoding="UTF-8"?>
<testng-results ignored="0" total="1" passed="1" failed="0" skipped="0">
  <reporter-output>
  </reporter-output>
  <suite started-at="2023-06-07T11:59:52 IST" name="Default suite" finished-at="2023-06-07T11:59:58 IST" duration-ms="5587">
    <groups>
    </groups>
    <test started-at="2023-06-07T11:59:52 IST" name="Default test" finished-at="2023-06-07T11:59:58 IST" duration-ms="5587">
      <class name="org.base.testcases.TestCase1">
        <test-method is-config="true" signature="initializeSetup()[pri:0, instance:org.base.testcases.TestCase1@2667f029]" started-at="2023-06-07T11:59:52 IST" name="initializeSetup" finished-at="2023-06-07T11:59:56 IST" duration-ms="3345" status="PASS">
          <reporter-output>
          </reporter-output>
        </test-method> <!-- initializeSetup -->
        <test-method signature="test1()[pri:0, instance:org.base.testcases.TestCase1@2667f029]" started-at="2023-06-07T11:59:56 IST" name="test1" finished-at="2023-06-07T11:59:58 IST" duration-ms="2218" status="PASS">
          <reporter-output>
          </reporter-output>
        </test-method> <!-- test1 -->
      </class> <!-- org.base.testcases.TestCase1 -->
    </test> <!-- Default test -->
  </suite> <!-- Default suite -->
</testng-results>
